mode: set
github.com/mmieluch/advent-of-code/2022/08/main.go:10.13,12.16 2 0
github.com/mmieluch/advent-of-code/2022/08/main.go:15.2,19.24 3 0
github.com/mmieluch/advent-of-code/2022/08/main.go:25.2,26.11 2 0
github.com/mmieluch/advent-of-code/2022/08/main.go:12.16,14.3 1 0
github.com/mmieluch/advent-of-code/2022/08/main.go:19.24,20.25 1 0
github.com/mmieluch/advent-of-code/2022/08/main.go:20.25,22.4 1 0
github.com/mmieluch/advent-of-code/2022/08/main.go:29.23,33.23 3 0
github.com/mmieluch/advent-of-code/2022/08/main.go:39.2,39.76 1 0
github.com/mmieluch/advent-of-code/2022/08/main.go:33.23,34.20 1 0
github.com/mmieluch/advent-of-code/2022/08/main.go:34.20,36.4 1 0
github.com/mmieluch/advent-of-code/2022/08/main.go:42.23,48.23 4 0
github.com/mmieluch/advent-of-code/2022/08/main.go:55.2,55.75 1 0
github.com/mmieluch/advent-of-code/2022/08/main.go:48.23,50.14 2 0
github.com/mmieluch/advent-of-code/2022/08/main.go:50.14,52.4 1 0
github.com/mmieluch/advent-of-code/2022/08/parser.go:12.32,14.2 1 1
github.com/mmieluch/advent-of-code/2022/08/parser.go:16.35,19.24 2 1
github.com/mmieluch/advent-of-code/2022/08/parser.go:23.2,23.12 1 1
github.com/mmieluch/advent-of-code/2022/08/parser.go:19.24,21.3 1 1
github.com/mmieluch/advent-of-code/2022/08/parser.go:26.36,28.2 1 1
github.com/mmieluch/advent-of-code/2022/08/parser.go:30.42,33.12 2 1
github.com/mmieluch/advent-of-code/2022/08/parser.go:37.2,38.28 2 1
github.com/mmieluch/advent-of-code/2022/08/parser.go:42.2,42.12 1 1
github.com/mmieluch/advent-of-code/2022/08/parser.go:33.12,35.3 1 1
github.com/mmieluch/advent-of-code/2022/08/parser.go:38.28,40.3 1 1
github.com/mmieluch/advent-of-code/2022/08/parser.go:45.43,47.21 2 1
github.com/mmieluch/advent-of-code/2022/08/parser.go:51.2,52.30 2 1
github.com/mmieluch/advent-of-code/2022/08/parser.go:56.2,56.12 1 1
github.com/mmieluch/advent-of-code/2022/08/parser.go:47.21,49.3 1 1
github.com/mmieluch/advent-of-code/2022/08/parser.go:52.30,54.3 1 1
github.com/mmieluch/advent-of-code/2022/08/parser.go:59.43,60.12 1 1
github.com/mmieluch/advent-of-code/2022/08/parser.go:64.2,67.28 3 1
github.com/mmieluch/advent-of-code/2022/08/parser.go:71.2,71.12 1 1
github.com/mmieluch/advent-of-code/2022/08/parser.go:60.12,62.3 1 1
github.com/mmieluch/advent-of-code/2022/08/parser.go:67.28,69.3 1 1
github.com/mmieluch/advent-of-code/2022/08/parser.go:74.43,76.21 2 1
github.com/mmieluch/advent-of-code/2022/08/parser.go:80.2,82.30 2 1
github.com/mmieluch/advent-of-code/2022/08/parser.go:86.2,86.12 1 1
github.com/mmieluch/advent-of-code/2022/08/parser.go:76.21,78.3 1 1
github.com/mmieluch/advent-of-code/2022/08/parser.go:82.30,84.3 1 1
github.com/mmieluch/advent-of-code/2022/08/parser.go:89.33,92.50 2 1
github.com/mmieluch/advent-of-code/2022/08/parser.go:103.2,103.10 1 1
github.com/mmieluch/advent-of-code/2022/08/parser.go:92.50,96.28 3 1
github.com/mmieluch/advent-of-code/2022/08/parser.go:100.3,100.19 1 1
github.com/mmieluch/advent-of-code/2022/08/parser.go:96.28,99.4 2 1
github.com/mmieluch/advent-of-code/2022/08/tree.go:11.32,12.22 1 1
github.com/mmieluch/advent-of-code/2022/08/tree.go:16.2,16.19 1 1
github.com/mmieluch/advent-of-code/2022/08/tree.go:20.2,23.36 1 1
github.com/mmieluch/advent-of-code/2022/08/tree.go:12.22,14.3 1 1
github.com/mmieluch/advent-of-code/2022/08/tree.go:16.19,18.3 1 0
github.com/mmieluch/advent-of-code/2022/08/tree.go:26.54,27.29 1 1
github.com/mmieluch/advent-of-code/2022/08/tree.go:32.2,32.14 1 1
github.com/mmieluch/advent-of-code/2022/08/tree.go:27.29,28.20 1 1
github.com/mmieluch/advent-of-code/2022/08/tree.go:28.20,30.4 1 1
github.com/mmieluch/advent-of-code/2022/08/tree.go:35.33,37.2 1 1
github.com/mmieluch/advent-of-code/2022/08/tree.go:39.33,41.2 1 1
github.com/mmieluch/advent-of-code/2022/08/tree.go:43.35,44.22 1 1
github.com/mmieluch/advent-of-code/2022/08/tree.go:48.2,53.22 5 1
github.com/mmieluch/advent-of-code/2022/08/tree.go:44.22,46.3 1 1
github.com/mmieluch/advent-of-code/2022/08/tree.go:56.42,59.36 2 1
github.com/mmieluch/advent-of-code/2022/08/tree.go:63.2,63.12 1 1
github.com/mmieluch/advent-of-code/2022/08/tree.go:59.36,61.3 1 1
github.com/mmieluch/advent-of-code/2022/08/tree.go:66.46,67.18 1 1
github.com/mmieluch/advent-of-code/2022/08/tree.go:71.2,73.23 2 1
github.com/mmieluch/advent-of-code/2022/08/tree.go:83.2,83.14 1 1
github.com/mmieluch/advent-of-code/2022/08/tree.go:67.18,69.3 1 0
github.com/mmieluch/advent-of-code/2022/08/tree.go:73.23,78.13 2 1
github.com/mmieluch/advent-of-code/2022/08/tree.go:78.13,79.9 1 1
github.com/mmieluch/advent-of-code/2022/08/tree.go:86.49,94.2 1 1
